<?xml version="1.0" encoding="UTF-8"?>
<testsuite name="com.simpleboard.simpleboard.SimpleboardApplicationTests" tests="1" skipped="0" failures="0" errors="0" timestamp="2023-02-06T02:23:24" hostname="DESKTOP-387G8OO" time="0.259">
  <properties/>
  <testcase name="contextLoads()" classname="com.simpleboard.simpleboard.SimpleboardApplicationTests" time="0.259"/>
  <system-out><![CDATA[09:23:23.180 [Test worker] DEBUG org.springframework.boot.test.context.SpringBootTestContextBootstrapper - Neither @ContextConfiguration nor @ContextHierarchy found for test class [SimpleboardApplicationTests]: using SpringBootContextLoader
09:23:23.183 [Test worker] DEBUG org.springframework.test.context.support.AbstractContextLoader - Could not detect default resource locations for test class [com.simpleboard.simpleboard.SimpleboardApplicationTests]: no resource found for suffixes {-context.xml, Context.groovy}.
09:23:23.184 [Test worker] INFO org.springframework.test.context.support.AnnotationConfigContextLoaderUtils - Could not detect default configuration classes for test class [com.simpleboard.simpleboard.SimpleboardApplicationTests]: SimpleboardApplicationTests does not declare any static, non-private, non-final, nested classes annotated with @Configuration.
09:23:23.198 [Test worker] DEBUG org.springframework.boot.test.context.SpringBootTestContextBootstrapper - Using ContextCustomizers for test class [SimpleboardApplicationTests]: [DisableObservabilityContextCustomizer, PropertyMappingContextCustomizer, Customizer, ExcludeFilterContextCustomizer, DuplicateJsonObjectContextCustomizer, MockitoContextCustomizer, TestRestTemplateContextCustomizer]
09:23:23.237 [Test worker] DEBUG org.springframework.context.annotation.ClassPathScanningCandidateComponentProvider - Identified candidate component class: file [D:\Fastcampus\simple-board\simple-board\simpleboard\build\classes\java\main\com\simpleboard\simpleboard\SimpleboardApplication.class]
09:23:23.238 [Test worker] INFO org.springframework.boot.test.context.SpringBootTestContextBootstrapper - Found @SpringBootConfiguration com.simpleboard.simpleboard.SimpleboardApplication for test class com.simpleboard.simpleboard.SimpleboardApplicationTests
09:23:23.300 [Test worker] DEBUG org.springframework.test.context.util.TestContextSpringFactoriesUtils - Skipping candidate TestExecutionListener [org.springframework.test.context.transaction.TransactionalTestExecutionListener] due to a missing dependency. Specify custom TestExecutionListener classes or make the default TestExecutionListener classes and their required dependencies available. Offending class: [org/springframework/transaction/interceptor/TransactionAttributeSource]
09:23:23.301 [Test worker] DEBUG org.springframework.test.context.util.TestContextSpringFactoriesUtils - Skipping candidate TestExecutionListener [org.springframework.test.context.jdbc.SqlScriptsTestExecutionListener] due to a missing dependency. Specify custom TestExecutionListener classes or make the default TestExecutionListener classes and their required dependencies available. Offending class: [org/springframework/transaction/interceptor/TransactionAttribute]
09:23:23.303 [Test worker] DEBUG org.springframework.boot.test.context.SpringBootTestContextBootstrapper - Using TestExecutionListeners for test class [SimpleboardApplicationTests]: [ServletTestExecutionListener, DirtiesContextBeforeModesTestExecutionListener, ApplicationEventsTestExecutionListener, MockitoTestExecutionListener, DependencyInjectionTestExecutionListener, DirtiesContextTestExecutionListener, EventPublishingTestExecutionListener, RestDocsTestExecutionListener, MockRestServiceServerResetTestExecutionListener, MockMvcPrintOnlyOnFailureTestExecutionListener, WebDriverTestExecutionListener, MockWebServiceServerTestExecutionListener, ResetMocksTestExecutionListener]
09:23:23.303 [Test worker] DEBUG org.springframework.test.context.support.AbstractDirtiesContextTestExecutionListener - Before test class: class [SimpleboardApplicationTests], class annotated with @DirtiesContext [false] with mode [null]

  .   ____          _            __ _ _
 /\\ / ___'_ __ _ _(_)_ __  __ _ \ \ \ \
( ( )\___ | '_ | '_| | '_ \/ _` | \ \ \ \
 \\/  ___)| |_)| | | | | || (_| |  ) ) ) )
  '  |____| .__|_| |_|_| |_\__, | / / / /
 =========|_|==============|___/=/_/_/_/
 :: Spring Boot ::                (v3.0.2)

2023-02-06T09:23:23.462+07:00  INFO 8472 --- [    Test worker] c.s.s.SimpleboardApplicationTests        : Starting SimpleboardApplicationTests using Java 17.0.6 with PID 8472 (started by Yeojin in D:\Fastcampus\simple-board\simple-board\simpleboard)
2023-02-06T09:23:23.464+07:00  INFO 8472 --- [    Test worker] c.s.s.SimpleboardApplicationTests        : No active profile set, falling back to 1 default profile: "default"
2023-02-06T09:23:24.392+07:00  INFO 8472 --- [    Test worker] o.s.b.a.e.web.EndpointLinksResolver      : Exposing 1 endpoint(s) beneath base path '/actuator'
2023-02-06T09:23:24.434+07:00  INFO 8472 --- [    Test worker] c.s.s.SimpleboardApplicationTests        : Started SimpleboardApplicationTests in 1.103 seconds (process running for 1.796)
]]></system-out>
  <system-err><![CDATA[]]></system-err>
</testsuite>
